mktextfm ec-lmr12
mktextfm ec-lmr12
mktextfm ec-lmr12
mktextfm ec-lmr12
mktextfm ec-lmr12
mktextfm ec-lmr12
mktextfm ec-lmr12
mktextfm ec-lmr12
mktextfm ec-lmbx12
mktextfm ec-lmbx12
mktextfm ec-lmri12
mktextfm ec-lmss12
mktextfm ec-lmssbx10
mktextfm ec-lmssbx10
mktextfm ts1-lmr12
mktextfm rm-lmr12
mktextfm rm-lmr8
mktextfm rm-lmr6
mktextfm lmmi12
mktextfm lmmi8
mktextfm lmmi6
mktextfm lmsy10
mktextfm lmsy8
mktextfm lmsy6
mktextfm lmex10
mktextfm lmex10
mktextfm lmex10
mktextfm ec-lmr8
mktextfm ec-lmr6
mktextfm rm-lmbx12
mktextfm rm-lmbx8
mktextfm rm-lmbx6
mktextfm lmmib10
mktextfm lmmib10
mktextfm lmmib7
mktextfm lmbsy10
mktextfm lmbsy10
mktextfm lmbsy7
mktextfm ec-lmr12
mktextfm rm-lmr12
mktextfm ec-lmr12
mktextfm ec-lmr12
mktextfm ec-lmr12
mktextfm ec-lmr12
mktextfm ec-lmr12
mktextfm ec-lmr12
mktextfm ec-lmr12
mktextfm ec-lmr10
mktextfm ec-lmr12
